<?xml version="1.0" encoding="UTF-8"?>
<!-- Generated by org.testng.reporters.JUnitXMLReporter -->
<testsuite ignored="0" hostname="DESKTOP-QVFBK35" failures="0" tests="5" name="Default test" time="0.192" errors="0" timestamp="2024-06-18T07:12:19 IST">
  <testcase classname="testNGTutorial.personalLoan" name="ApiLoginpersonalLoan" time="0.023"/>
  <testcase classname="testNGTutorial.personalLoan" name="mobileLoginpersonalLoan" time="0.004"/>
  <testcase classname="testNGTutorial.personalLoan" name="webLogInpersonalLoan" time="0.007"/>
  <testcase classname="testNGTutorial.personalLoan" name="webLogInpersonalLoan" time="0.003"/>
  <testcase classname="testNGTutorial.personalLoan" name="webLogInpersonalLoan" time="0.005"/>
</testsuite> <!-- Default test -->
