<?xml version="1.0" encoding="UTF-8"?>
<testng-results ignored="0" total="1" passed="1" failed="0" skipped="0">
  <reporter-output>
  </reporter-output>
  <suite started-at="2024-06-16T20:30:33 IST" name="Default suite" finished-at="2024-06-16T20:30:33 IST" duration-ms="126">
    <groups>
    </groups>
    <test started-at="2024-06-16T20:30:33 IST" name="Default test" finished-at="2024-06-16T20:30:33 IST" duration-ms="126">
      <class name="testNGTutorial.testDemo">
        <test-method signature="demo(java.lang.String)[pri:0, instance:testNGTutorial.testDemo@2b91004a]" started-at="2024-06-16T20:30:33 IST" name="demo" finished-at="2024-06-16T20:30:33 IST" duration-ms="16" status="PASS">
          <params>
            <param index="0">
              <value>
                <![CDATA[defaultValue]]>
              </value>
            </param>
          </params>
          <reporter-output>
          </reporter-output>
        </test-method> <!-- demo -->
      </class> <!-- testNGTutorial.testDemo -->
    </test> <!-- Default test -->
  </suite> <!-- Default suite -->
</testng-results>
