<?xml version="1.0" encoding="UTF-8"?>
<!-- Generated by org.testng.reporters.JUnitXMLReporter -->
<testsuite ignored="2" hostname="DESKTOP-QVFBK35" failures="0" tests="1" name="carLoan" time="0.008" errors="0" timestamp="2024-06-18T07:54:00 IST">
  <testcase classname="testNGTutorial.login" name="ApiLoginCarLoan" time="0.002"/>
  <testcase classname="testNGTutorial.login" name="webLogInCarLoan" time="0.0">
    <ignored/>
  </testcase> <!-- webLogInCarLoan -->
  <testcase classname="testNGTutorial.login" name="mobileLoginCarLoan" time="0.0">
    <ignored/>
  </testcase> <!-- mobileLoginCarLoan -->
</testsuite> <!-- carLoan -->
