<?xml version="1.0" encoding="UTF-8"?>
<!-- Generated by org.testng.reporters.JUnitXMLReporter -->
<testsuite ignored="1" hostname="DESKTOP-QVFBK35" failures="0" tests="2" name="carLoan" time="0.018" errors="0" timestamp="2024-06-16T01:16:30 IST">
  <testcase classname="testNGTutorial.login" name="ApiLoginCarLoan" time="0.003"/>
  <testcase classname="testNGTutorial.login" name="webLogInCarLoan" time="0.002"/>
  <testcase classname="testNGTutorial.login" name="mobileLoginCarLoan" time="0.0">
    <ignored/>
  </testcase> <!-- mobileLoginCarLoan -->
</testsuite> <!-- carLoan -->
