<?xml version="1.0" encoding="UTF-8"?>
<!-- Generated by org.testng.reporters.JUnitXMLReporter -->
<testsuite ignored="6" hostname="DESKTOP-QVFBK35" failures="0" tests="3" name="TestToRun" time="0.13" errors="0" timestamp="2024-06-16T18:50:51 IST">
  <testcase classname="testNGTutorial.login" name="ApiLoginCarLoan" time="0.018"/>
  <testcase classname="testNGTutorial.NewTest" name="f" time="0.003"/>
  <testcase classname="testNGTutorial.personalLoan" name="mobileLoginpersonalLoan" time="0.003"/>
  <testcase classname="testNGTutorial.personalLoan" name="ApiLoginpersonalLoan" time="0.0">
    <ignored/>
  </testcase> <!-- ApiLoginpersonalLoan -->
  <testcase classname="testNGTutorial.login" name="webLogInCarLoan" time="0.0">
    <ignored/>
  </testcase> <!-- webLogInCarLoan -->
  <testcase classname="testNGTutorial.login" name="mobileLoginCarLoan" time="0.0">
    <ignored/>
  </testcase> <!-- mobileLoginCarLoan -->
  <testcase classname="testNGTutorial.personalLoan" name="webLogInpersonalLoan" time="0.0">
    <ignored/>
  </testcase> <!-- webLogInpersonalLoan -->
  <testcase classname="testNGTutorial.testDemo" name="demo" time="0.0">
    <ignored/>
  </testcase> <!-- demo -->
  <testcase classname="testNGTutorial.NewTest" name="b" time="0.0">
    <ignored/>
  </testcase> <!-- b -->
</testsuite> <!-- TestToRun -->
